<?xml version="1.0" encoding="UTF-8"?>
<!-- Generated by org.testng.reporters.JUnitXMLReporter -->
<testsuite hostname="LAPTOP-0SJ3B8VU" ignored="3" name="Default test" tests="9" failures="0" timestamp="2021-12-23T22:39:38 IST" time="0.099" errors="0">
  <testcase name="desortingByDurga" time="0.009" classname="RahulSheetyClasses.StreamTopic"/>
  <testcase name="desortingOfStringByDurga" time="0.008" classname="RahulSheetyClasses.StreamTopic"/>
  <testcase name="minElementInArray" time="0.009" classname="RahulSheetyClasses.StreamTopic"/>
  <testcase name="printValuse" time="0.0" classname="RahulSheetyClasses.StreamTopic"/>
  <testcase name="sortingByLengthByDurga" time="0.008" classname="RahulSheetyClasses.StreamTopic"/>
  <testcase name="toArrayConversion" time="0.008" classname="RahulSheetyClasses.StreamTopic"/>
  <testcase name="usingStreamCollcet" time="0.003" classname="RahulSheetyClasses.StreamTopic"/>
  <testcase name="evenNumbers" time="0.008" classname="RahulSheetyClasses.StreamTopic"/>
  <testcase name="appendString" time="0.003" classname="RahulSheetyClasses.StreamTopic"/>
  <testcase name="regular" time="0.0" classname="RahulSheetyClasses.StreamTopic">
    <ignored/>
  </testcase> <!-- regular -->
  <testcase name="usingStreamMap" time="0.0" classname="RahulSheetyClasses.StreamTopic">
    <ignored/>
  </testcase> <!-- usingStreamMap -->
  <testcase name="usingStream" time="0.0" classname="RahulSheetyClasses.StreamTopic">
    <ignored/>
  </testcase> <!-- usingStream -->
</testsuite> <!-- Default test -->
